<assembly xmlns="http://maven.apache.org/ASSEMBLY/2.0.0"
          xmlns:xsi="http://www.w3.org/2001/XMLSchema-instance"
          xsi:schemaLocation="http://maven.apache.org/ASSEMBLY/2.1.0 http://maven.apache.org/xsd/assembly-2.0.0.xsd">
    <id>test-jar-with-dependencies</id>
    <formats>
        <format>jar</format>
    </formats>
    <includeBaseDirectory>false</includeBaseDirectory>
    <dependencySets>
        <dependencySet>
            <outputDirectory>/</outputDirectory>
            <useProjectArtifact>true</useProjectArtifact>
            <useProjectAttachments>true</useProjectAttachments>
            <unpack>false</unpack>
            <scope>test</scope>
            <includes>
                <include>*:test-jar:*</include>
                <include>*:jar:*</include>
                <include>${project.groupId}:${project.artifactId}:test-jar</include>
            </includes>
        </dependencySet>
    </dependencySets>
</assembly>
